<?xml version="1.0" encoding="UTF-8"?>
<testng-results skipped="0" failed="0" ignored="0" total="1" passed="1">
  <reporter-output>
  </reporter-output>
  <suite name="Default suite" duration-ms="5015" started-at="2019-09-06T02:09:16Z" finished-at="2019-09-06T02:09:21Z">
    <groups>
    </groups>
    <test name="Default test" duration-ms="5015" started-at="2019-09-06T02:09:16Z" finished-at="2019-09-06T02:09:21Z">
      <class name="io.restassured.test.DeleteTest">
        <test-method status="PASS" signature="setup()[pri:0, instance:io.restassured.test.DeleteTest@3bfdc050]" name="setup" is-config="true" duration-ms="860" started-at="2019-09-06T02:09:16Z" finished-at="2019-09-06T02:09:17Z">
          <reporter-output>
          </reporter-output>
        </test-method> <!-- setup -->
        <test-method status="PASS" signature="deleteTest()[pri:0, instance:io.restassured.test.DeleteTest@3bfdc050]" name="deleteTest" duration-ms="4094" started-at="2019-09-06T02:09:17Z" finished-at="2019-09-06T02:09:21Z">
          <reporter-output>
          </reporter-output>
        </test-method> <!-- deleteTest -->
      </class> <!-- io.restassured.test.DeleteTest -->
    </test> <!-- Default test -->
  </suite> <!-- Default suite -->
</testng-results>
